SF:lib\main.dart
DA:8,0
DA:9,0
DA:13,2
DA:15,1
DA:18,1
DA:19,3
DA:20,1
DA:23,1
DA:24,3
DA:25,4
DA:31,1
LF:11
LH:9
end_of_record
SF:lib\pages\input_page\parts\feeback_line.dart
DA:8,1
DA:10,1
DA:12,1
DA:13,1
DA:17,1
DA:18,4
DA:21,5
DA:25,1
DA:26,1
DA:27,1
DA:29,2
LF:11
LH:11
end_of_record
SF:lib\pages\input_page\parts\input_button.dart
DA:7,1
DA:9,1
DA:11,1
DA:13,1
DA:15,1
DA:16,1
DA:17,1
DA:18,5
LF:8
LH:8
end_of_record
SF:lib\pages\input_page\parts\input_field.dart
DA:10,3
DA:11,1
DA:12,1
DA:13,1
DA:14,1
DA:15,1
DA:16,1
DA:20,1
DA:22,1
DA:24,1
DA:26,1
DA:40,2
DA:42,1
DA:45,1
DA:52,2
DA:54,1
DA:57,1
DA:59,1
LF:18
LH:18
end_of_record
SF:lib\pages\list_page\parts\highest_score_line.dart
DA:6,1
DA:8,1
DA:11,1
DA:13,3
LF:4
LH:4
end_of_record
SF:lib\bloc\state_manager_state.dart
DA:5,2
DA:9,1
DA:13,1
DA:19,1
DA:23,1
DA:29,1
LF:6
LH:6
end_of_record
SF:lib\bloc\state_manager_bloc.dart
DA:17,2
DA:18,2
DA:19,2
DA:20,2
DA:21,2
DA:24,0
DA:25,0
DA:28,1
DA:29,3
DA:32,1
DA:33,1
DA:36,1
DA:37,2
DA:39,2
DA:40,1
DA:41,2
DA:42,1
DA:47,2
DA:50,2
DA:51,6
DA:53,2
DA:54,3
DA:58,1
DA:60,1
DA:61,3
LF:25
LH:23
end_of_record
SF:lib\bloc\state_manager_event.dart
DA:5,3
DA:9,0
DA:13,1
DA:17,2
DA:23,1
LF:5
LH:4
end_of_record
SF:lib\data\rank_data_model.dart
DA:6,1
LF:1
LH:1
end_of_record
SF:lib\route_handler\route_handler.dart
DA:8,1
DA:10,1
DA:12,1
DA:13,1
DA:14,2
DA:15,3
DA:21,2
DA:22,2
LF:8
LH:8
end_of_record
SF:lib\route_handler\routes.dart
DA:7,1
DA:8,1
DA:10,1
DA:11,2
DA:15,1
DA:17,1
DA:19,2
DA:20,2
LF:8
LH:8
end_of_record
SF:lib\pages\input_page\input_page.dart
DA:13,1
DA:15,3
DA:17,1
DA:19,1
DA:20,1
DA:21,1
DA:22,1
DA:23,1
DA:26,1
DA:29,1
DA:30,1
DA:32,1
DA:34,1
DA:36,1
DA:41,2
LF:15
LH:15
end_of_record
SF:lib\pages\input_page\parts\fob.dart
DA:6,1
DA:8,1
DA:10,1
DA:11,3
LF:4
LH:4
end_of_record
SF:lib\pages\list_page\list_page.dart
DA:11,1
DA:13,1
DA:15,1
DA:17,1
DA:18,1
DA:20,1
DA:22,1
DA:24,1
DA:25,7
DA:27,2
LF:10
LH:10
end_of_record
SF:lib\pages\list_page\parts\fob.dart
DA:6,1
DA:8,1
DA:10,1
DA:11,4
LF:4
LH:4
end_of_record
SF:lib\pages\list_page\parts\score_list.dart
DA:10,1
DA:12,1
DA:15,1
DA:16,1
DA:20,1
DA:21,4
DA:24,1
DA:26,3
DA:27,4
DA:28,1
DA:33,2
DA:34,1
DA:35,1
DA:36,1
DA:37,1
DA:40,1
DA:42,1
DA:44,1
DA:45,2
DA:52,1
DA:54,2
LF:21
LH:21
end_of_record
